<?xml version="1.0" encoding="UTF-8"?>
<testng-results skipped="0" failed="0" ignored="0" total="1" passed="1">
  <reporter-output>
  </reporter-output>
  <suite name="Suite" duration-ms="53" started-at="2020-09-02T02:41:55 IST" finished-at="2020-09-02T02:41:55 IST">
    <groups>
    </groups>
    <test name="Test" duration-ms="53" started-at="2020-09-02T02:41:55 IST" finished-at="2020-09-02T02:41:55 IST">
      <class name="module.PARTA">
        <test-method status="PASS" signature="beforeTest()[pri:0, instance:module.PARTA@627551fb]" name="beforeTest" is-config="true" duration-ms="9" started-at="2020-09-02T02:41:55 IST" finished-at="2020-09-02T02:41:55 IST">
          <reporter-output>
          </reporter-output>
        </test-method> <!-- beforeTest -->
        <test-method status="PASS" signature="test1()[pri:0, instance:module.PARTA@627551fb]" name="test1" duration-ms="6" started-at="2020-09-02T02:41:55 IST" finished-at="2020-09-02T02:41:55 IST">
          <reporter-output>
          </reporter-output>
        </test-method> <!-- test1 -->
        <test-method status="PASS" signature="afterTest()[pri:0, instance:module.PARTA@627551fb]" name="afterTest" is-config="true" duration-ms="0" started-at="2020-09-02T02:41:55 IST" finished-at="2020-09-02T02:41:55 IST">
          <reporter-output>
          </reporter-output>
        </test-method> <!-- afterTest -->
      </class> <!-- module.PARTA -->
    </test> <!-- Test -->
  </suite> <!-- Suite -->
</testng-results>
